<component name="libraryTable">
  <library name="junit-4.10">
    <CLASSES>
      <root url="jar://$APPLICATION_HOME_DIR$/lib/junit-4.10.jar!/" />
      <root url="jar://$USER_HOME$/Downloads/google-gson-2.2.4/gson-2.2.4.jar!/" />
    </CLASSES>
    <JAVADOC>
      <root url="jar://$USER_HOME$/Downloads/google-gson-2.2.4/gson-2.2.4-javadoc.jar!/" />
    </JAVADOC>
    <SOURCES />
  </library>
</component>